TN:
SF:/Users/felquis/Documents/github/felquis/webpack/src/components/CheckboxWithLabel/index.js
FN:5,(anonymous_0)
FN:12,(anonymous_1)
FN:16,(anonymous_2)
FNF:3
FNH:3
FNDA:1,(anonymous_0)
FNDA:1,(anonymous_1)
FNDA:2,(anonymous_2)
DA:6,1
DA:7,1
DA:9,1
DA:13,1
DA:17,2
LF:5
LH:5
BRDA:24,0,0,1
BRDA:24,0,1,1
BRF:2
BRH:2
end_of_record
TN:
SF:/Users/felquis/Documents/github/felquis/webpack/src/components/Header/index.js
FN:5,(anonymous_0)
FN:15,(anonymous_1)
FN:21,(anonymous_2)
FNF:3
FNH:3
FNDA:1,(anonymous_0)
FNDA:1,(anonymous_1)
FNDA:2,(anonymous_2)
DA:6,1
DA:8,1
DA:12,1
DA:16,1
DA:22,2
LF:5
LH:5
BRF:0
BRH:0
end_of_record
